Loading required package: M3Drop
Loading required package: numDeriv
Loading required package: matrixStats
matrixStats v0.51.0 (2016-10-08) successfully loaded. See ?matrixStats for help.
[1] 1
[1] 25000   500
Loading required package: reldist
reldist: Relative Distribution Methods
Version 1.6-6 created on 2016-10-07.
copyright (c) 2003, Mark S. Handcock, University of California-Los Angeles
 For citation information, type citation("reldist").
 Type help(package="reldist") to get started.


Attaching package: ‘reldist’

The following object is masked from ‘package:matrixStats’:

    iqr

Loading required package: monocle
Loading required package: methods
Loading required package: Matrix
Loading required package: Biobase
Loading required package: BiocGenerics
Loading required package: parallel

Attaching package: ‘BiocGenerics’

The following objects are masked from ‘package:parallel’:

    clusterApply, clusterApplyLB, clusterCall, clusterEvalQ,
    clusterExport, clusterMap, parApply, parCapply, parLapply,
    parLapplyLB, parRapply, parSapply, parSapplyLB

The following objects are masked from ‘package:stats’:

    IQR, mad, xtabs

The following objects are masked from ‘package:base’:

    anyDuplicated, append, as.data.frame, cbind, colnames, do.call,
    duplicated, eval, evalq, Filter, Find, get, grep, grepl, intersect,
    is.unsorted, lapply, lengths, Map, mapply, match, mget, order,
    paste, pmax, pmax.int, pmin, pmin.int, Position, rank, rbind,
    Reduce, rownames, sapply, setdiff, sort, table, tapply, union,
    unique, unsplit

Welcome to Bioconductor

    Vignettes contain introductory material; view with
    'browseVignettes()'. To cite Bioconductor, see
    'citation("Biobase")', and for packages 'citation("pkgname")'.


Attaching package: ‘Biobase’

The following objects are masked from ‘package:matrixStats’:

    anyMissing, rowMedians

Loading required package: ggplot2
Loading required package: VGAM
Loading required package: stats4
Loading required package: splines
Loading required package: DDRTree
Loading required package: irlba
Loading required package: ROCR
Loading required package: gplots

Attaching package: ‘gplots’

The following object is masked from ‘package:stats’:

    lowess

[1] 25000   500
[1] 25000   500
[1] 25000   500
[1] 25000   500
[1] 25000   500
[1] 25000   500
[1] 25000   500
[1] 25000   500
[1] 25000   500
[1] 25000   500
[1] 25000   500
[1] 25000   500
Terminated

------------------------------------------------------------
Sender: LSF System <lsfadmin@bc-30-3-13>
Subject: Job 2644222: </software/R-3.3.0/bin/Rscript Figure_Simulations.R> in cluster <farm3> Exited

Job </software/R-3.3.0/bin/Rscript Figure_Simulations.R> was submitted from host <farm3-head1> by user <ta6> in cluster <farm3>.
Job was executed on host(s) <bc-30-3-13>, in queue <normal>, as user <ta6> in cluster <farm3>.
</nfs/users/nfs_t/ta6> was used as the home directory.
</nfs/users/nfs_t/ta6/NetworkInferencePipeline/Dropouts/NatCommPaper> was used as the working directory.
Started at Thu Feb  9 10:55:56 2017
Results reported on Thu Feb  9 13:09:24 2017

Your job looked like:

------------------------------------------------------------
# LSBATCH: User input
/software/R-3.3.0/bin/Rscript Figure_Simulations.R
------------------------------------------------------------

TERM_MEMLIMIT: job killed after reaching LSF memory usage limit.
Exited with exit code 143.

Resource usage summary:

    CPU time :                                   8003.75 sec.
    Max Memory :                                 15256 MB
    Average Memory :                             7690.00 MB
    Total Requested Memory :                     15000.00 MB
    Delta Memory :                               -256.00 MB
    Max Swap :                                   19827 MB
    Max Processes :                              3
    Max Threads :                                4

The output (if any) is above this job summary.

Loading required package: M3Drop
Loading required package: numDeriv
Loading required package: matrixStats
matrixStats v0.51.0 (2016-10-08) successfully loaded. See ?matrixStats for help.
[1] 1
[1] 25000   500
Loading required package: reldist
reldist: Relative Distribution Methods
Version 1.6-6 created on 2016-10-07.
copyright (c) 2003, Mark S. Handcock, University of California-Los Angeles
 For citation information, type citation("reldist").
 Type help(package="reldist") to get started.


Attaching package: ‘reldist’

The following object is masked from ‘package:matrixStats’:

    iqr

Loading required package: monocle
Loading required package: methods
Loading required package: Matrix
Loading required package: Biobase
Loading required package: BiocGenerics
Loading required package: parallel

Attaching package: ‘BiocGenerics’

The following objects are masked from ‘package:parallel’:

    clusterApply, clusterApplyLB, clusterCall, clusterEvalQ,
    clusterExport, clusterMap, parApply, parCapply, parLapply,
    parLapplyLB, parRapply, parSapply, parSapplyLB

The following objects are masked from ‘package:stats’:

    IQR, mad, xtabs

The following objects are masked from ‘package:base’:

    anyDuplicated, append, as.data.frame, cbind, colnames, do.call,
    duplicated, eval, evalq, Filter, Find, get, grep, grepl, intersect,
    is.unsorted, lapply, lengths, Map, mapply, match, mget, order,
    paste, pmax, pmax.int, pmin, pmin.int, Position, rank, rbind,
    Reduce, rownames, sapply, setdiff, sort, table, tapply, union,
    unique, unsplit

Welcome to Bioconductor

    Vignettes contain introductory material; view with
    'browseVignettes()'. To cite Bioconductor, see
    'citation("Biobase")', and for packages 'citation("pkgname")'.


Attaching package: ‘Biobase’

The following objects are masked from ‘package:matrixStats’:

    anyMissing, rowMedians

Loading required package: ggplot2
Loading required package: VGAM
Loading required package: stats4
Loading required package: splines
Loading required package: DDRTree
Loading required package: irlba
Loading required package: ROCR
Loading required package: gplots

Attaching package: ‘gplots’

The following object is masked from ‘package:stats’:

    lowess

[1] 25000   500
[1] 25000   500
[1] 25000   500
[1] 25000   500
[1] 25000   500
[1] 25000   500
[1] 25000   500
[1] 25000   500
[1] 25000   500
[1] 25000   500
[1] 25000   500
[1] 25000   500
[1] 25000   500
[1] 25000   500
[1] 25000   500
[1] 25000   500
[1] 25000   500
[1] 25000   500
[1] 25000   500
[1] 25000   500
[1] 25000   500
[1] 25000   500
[1] 25000   500
[1] 25000   500
[1] 25000   500
[1] 25000   500
[1] 2
[1] 25000   500
[1] 25000   500
[1] 25000   500
[1] 25000   500
[1] 25000   500
[1] 25000   500
[1] 25000   500
[1] 25000   500
[1] 25000   500
[1] 25000   500
[1] 25000   500
[1] 25000   500
[1] 25000   500
[1] 25000   500
[1] 25000   500
[1] 25000   500
[1] 25000   500
[1] 25000   500
[1] 25000   500
[1] 25000   500
[1] 25000   500
[1] 25000   500
[1] 25000   500
[1] 25000   500
[1] 25000   500
[1] 25000   500
[1] 25000   500
There were 12 warnings (use warnings() to see them)

------------------------------------------------------------
Sender: LSF System <lsfadmin@bc-27-2-09>
Subject: Job 2652231: </software/R-3.3.0/bin/Rscript Figure_Simulations.R> in cluster <farm3> Done

Job </software/R-3.3.0/bin/Rscript Figure_Simulations.R> was submitted from host <farm3-head1> by user <ta6> in cluster <farm3>.
Job was executed on host(s) <bc-27-2-09>, in queue <normal>, as user <ta6> in cluster <farm3>.
</nfs/users/nfs_t/ta6> was used as the home directory.
</nfs/users/nfs_t/ta6/NetworkInferencePipeline/Dropouts/NatCommPaper> was used as the working directory.
Started at Thu Feb  9 15:22:35 2017
Results reported on Thu Feb  9 23:37:26 2017

Your job looked like:

------------------------------------------------------------
# LSBATCH: User input
/software/R-3.3.0/bin/Rscript Figure_Simulations.R
------------------------------------------------------------

Successfully completed.

Resource usage summary:

    CPU time :                                   29676.50 sec.
    Max Memory :                                 20609 MB
    Average Memory :                             7613.22 MB
    Total Requested Memory :                     25000.00 MB
    Delta Memory :                               4391.00 MB
    Max Swap :                                   20887 MB
    Max Processes :                              3
    Max Threads :                                4

The output (if any) is above this job summary.

Loading required package: RColorBrewer
Loading required package: gplots

Attaching package: ‘gplots’

The following object is masked from ‘package:stats’:

    lowess

Loading required package: numDeriv
Error in getFeatures(counts_list$data, norm_list$data, name = "Deng") : 
  could not find function "M3DropFeatureSelection"
Execution halted

------------------------------------------------------------
Sender: LSF System <lsfadmin@bc-25-1-05>
Subject: Job 2688128: </software/R-3.3.0/bin/Rscript Reproducibility.R> in cluster <farm3> Exited

Job </software/R-3.3.0/bin/Rscript Reproducibility.R> was submitted from host <farm3-head1> by user <ta6> in cluster <farm3>.
Job was executed on host(s) <bc-25-1-05>, in queue <normal>, as user <ta6> in cluster <farm3>.
</nfs/users/nfs_t/ta6> was used as the home directory.
</nfs/users/nfs_t/ta6/NetworkInferencePipeline/Dropouts/NatCommPaper> was used as the working directory.
Started at Thu Feb  9 23:49:08 2017
Results reported on Thu Feb  9 23:49:35 2017

Your job looked like:

------------------------------------------------------------
# LSBATCH: User input
/software/R-3.3.0/bin/Rscript Reproducibility.R
------------------------------------------------------------

Exited with exit code 1.

Resource usage summary:

    CPU time :                                   25.58 sec.
    Max Memory :                                 47 MB
    Average Memory :                             47.00 MB
    Total Requested Memory :                     25000.00 MB
    Delta Memory :                               24953.00 MB
    Max Swap :                                   179 MB
    Max Processes :                              3
    Max Threads :                                4

The output (if any) is above this job summary.

